<?xml version="1.0" encoding="UTF-8"?>
<!-- Generated by org.testng.reporters.JUnitReportReporter -->
<testsuite hostname="DESKTOP-9APD5KC" failures="0" tests="3" name="Day1.PracticeDayOne1" time="0.015" errors="0" timestamp="2023-02-28T19:47:59 IST" skipped="0">
  <testcase classname="Day1.PracticeDayOne1" name="setUp" time="0.013"/>
  <system-out/>
  <testcase classname="Day1.PracticeDayOne1" name="login" time="0.000"/>
  <system-out/>
  <testcase classname="Day1.PracticeDayOne1" name="tearDown" time="0.002"/>
  <system-out/>
</testsuite> <!-- Day1.PracticeDayOne1 -->
