<?xml version="1.0" encoding="UTF-8"?>
<!-- Generated by org.testng.reporters.JUnitReportReporter -->
<testsuite hostname="DESKTOP-9APD5KC" failures="0" tests="2" name="Day1.PracticeDayOne2" time="0.003" errors="0" timestamp="2023-02-28T19:47:59 IST" skipped="0">
  <testcase classname="Day1.PracticeDayOne2" name="validateTitle" time="0.002"/>
  <system-out/>
  <testcase classname="Day1.PracticeDayOne2" name="searchCustomer" time="0.001"/>
  <system-out/>
</testsuite> <!-- Day1.PracticeDayOne2 -->
