<?xml version="1.0" encoding="UTF-8"?>
<!-- Generated by org.testng.reporters.JUnitReportReporter -->
<testsuite hostname="DESKTOP-9APD5KC" failures="0" tests="1" name="Day3.AnnotationsPractice2" time="0.003" errors="0" timestamp="2023-03-02T19:43:43 IST" skipped="0">
  <testcase classname="Day3.AnnotationsPractice2" name="method3" time="0.003"/>
  <system-out/>
</testsuite> <!-- Day3.AnnotationsPractice2 -->
