<?xml version="1.0" encoding="UTF-8"?>
<!-- Generated by org.testng.reporters.JUnitReportReporter -->
<testsuite hostname="DESKTOP-9APD5KC" failures="0" tests="2" name="Day3.AnnotationsPractice1" time="0.006" errors="0" timestamp="2023-03-02T17:16:31 IST" skipped="0">
  <testcase classname="Day3.AnnotationsPractice1" name="method2" time="0.003"/>
  <system-out/>
  <testcase classname="Day3.AnnotationsPractice1" name="method1" time="0.003"/>
  <system-out/>
</testsuite> <!-- Day3.AnnotationsPractice1 -->
